Why 


must be str, not type
I completed the game this time2019-01-28 21:41:06.111530
I completed the game this date & time: 2019-01-29 09:59:17.674048
I completed the game this date & time: 2019-01-29 10:11:27.427390

I completed the game this date & time: 2019-01-29 10:14:20.799519

mainloop() takes 1 positional argument but 2 were given date & time: 2019-01-29 10:16:54.729489

I completed the game this date & time: 2019-01-29 10:17:46.735556

I completed the game this date & time: 2019-01-29 10:18:21.568485

I completed the game this date & time: 2019-01-29 22:48:01.472481

I completed the game this date & time: 2019-08-13 14:16:54.134931

I completed the game this date & time: 2019-08-13 14:29:32.012919

I completed the game this date & time: 2019-08-13 14:30:28.001454

I completed the game this date & time: 2019-08-13 14:32:45.912695

I completed the game this date & time: 2019-08-13 14:36:09.939619

I completed the game this date & time: 2019-08-13 14:38:14.184788

I completed the game this date & time: 2019-08-13 14:39:07.781613

I completed the game this date & time: 2019-08-13 14:45:00.855407

I completed the game this date & time: 2019-08-13 14:50:35.516746

I completed the game this date & time: 2019-08-13 14:54:49.444427

I completed the game this date & time: 2019-08-13 14:55:43.608086

I completed the game this date & time: 2019-08-13 15:01:12.536814

I completed the game this date & time: 2019-08-13 15:04:40.208582

I completed the game this date & time: 2019-08-13 15:06:36.724041

I completed the game this date & time: 2019-08-13 15:08:20.463006

I completed the game this date & time: 2019-08-13 15:12:29.120517

I completed the game this date & time: 2019-08-13 15:12:30.772550

I completed the game this date & time: 2019-08-13 15:14:08.347652

I completed the game this date & time: 2019-08-13 15:15:11.009529

I completed the game this date & time: 2019-08-13 15:34:54.600048

I completed the game this date & time: 2019-08-13 15:35:08.832236

